<?xml version="1.0" encoding="UTF-8"?>
<!-- Generated by org.testng.reporters.JUnitReportReporter -->
<testsuite skipped="0" hostname="DESKTOP-MBQS6GU" name="TestNGPackage.Exampleparam8" tests="2" failures="0" timestamp="2022-04-28T19:21:10 IST" time="0.017" errors="0">
  <testcase name="verifyLogin" time="0.013" classname="TestNGPackage.Exampleparam8"/>
  <system-out/>
  <testcase name="createTask" time="0.004" classname="TestNGPackage.Exampleparam8"/>
  <system-out/>
</testsuite> <!-- TestNGPackage.Exampleparam8 -->
