<?xml version="1.0" encoding="UTF-8"?>
<!-- Generated by org.testng.reporters.JUnitReportReporter -->
<testsuite skipped="0" hostname="DESKTOP-MBQS6GU" name="TestNGPackage.NewTest5" tests="1" failures="0" timestamp="2022-05-02T23:40:27 IST" time="31.851" errors="0">
  <testcase name="loginLogoutInActitimeApplication" time="31.851" classname="TestNGPackage.NewTest5"/>
  <system-out/>
</testsuite> <!-- TestNGPackage.NewTest5 -->
