<?xml version="1.0" encoding="UTF-8"?>
<!-- Generated by org.testng.reporters.JUnitReportReporter -->
<testsuite skipped="0" hostname="DESKTOP-MBQS6GU" name="TestNGPackage.Example7" tests="2" failures="0" timestamp="2022-04-28T18:49:22 IST" time="47.364" errors="0">
  <testcase name="loginLogoutInActitimeApplication" time="35.770" classname="TestNGPackage.Example7"/>
  <system-out/>
  <testcase name="loginPageValidationInActitimeApplication" time="11.594" classname="TestNGPackage.Example7"/>
  <system-out/>
</testsuite> <!-- TestNGPackage.Example7 -->
