<?xml version="1.0" encoding="UTF-8"?>
<!-- Generated by org.testng.reporters.JUnitReportReporter -->
<testsuite skipped="0" hostname="DESKTOP-MBQS6GU" name="TestNGPackage.Example9" tests="2" failures="0" timestamp="2022-05-04T18:07:29 IST" time="97.601" errors="0">
  <testcase name="loginPageValidationInActitimeApplication" time="23.931" classname="TestNGPackage.Example9"/>
  <system-out/>
  <testcase name="loginLogoutInActitimeApplication" time="73.670" classname="TestNGPackage.Example9"/>
  <system-out/>
</testsuite> <!-- TestNGPackage.Example9 -->
