<?xml version="1.0" encoding="UTF-8"?>
<!-- Generated by org.testng.reporters.JUnitReportReporter -->
<testsuite skipped="0" hostname="DESKTOP-MBQS6GU" name="TestNGPackage.NewTest2$Example3" tests="1" failures="0" timestamp="2022-04-28T18:44:02 IST" time="2.037" errors="0">
  <testcase name="testCase3" time="2.037" classname="TestNGPackage.NewTest2$Example3"/>
  <system-out/>
</testsuite> <!-- TestNGPackage.NewTest2$Example3 -->
