<?xml version="1.0" encoding="UTF-8"?>
<!-- Generated by org.testng.reporters.JUnitReportReporter -->
<testsuite skipped="0" hostname="DESKTOP-MBQS6GU" name="TestNGPackage.Exampleparam7" tests="2" failures="0" timestamp="2022-04-28T19:19:04 IST" time="0.034" errors="0">
  <testcase name="verifyLogin" time="0.016" classname="TestNGPackage.Exampleparam7"/>
  <system-out/>
  <testcase name="createTask" time="0.018" classname="TestNGPackage.Exampleparam7"/>
  <system-out/>
</testsuite> <!-- TestNGPackage.Exampleparam7 -->
