<?xml version="1.0" encoding="UTF-8"?>
<!-- Generated by org.testng.reporters.JUnitReportReporter -->
<testsuite skipped="0" hostname="DESKTOP-MBQS6GU" name="TestNGPackage.NewTest1" tests="1" failures="0" timestamp="2022-04-28T18:31:01 IST" time="0.037" errors="0">
  <testcase name="f" time="0.037" classname="TestNGPackage.NewTest1"/>
  <system-out/>
</testsuite> <!-- TestNGPackage.NewTest1 -->
