<?xml version="1.0" encoding="UTF-8"?>
<!-- Generated by org.testng.reporters.JUnitReportReporter -->
<testsuite skipped="0" hostname="DESKTOP-MBQS6GU" name="TestNGPackage.Example8" tests="1" failures="0" timestamp="2022-04-28T18:52:50 IST" time="21.461" errors="0">
  <testcase name="loginLogoutInActitimeApplication" time="21.461" classname="TestNGPackage.Example8"/>
  <system-out/>
</testsuite> <!-- TestNGPackage.Example8 -->
