<?xml version="1.0" encoding="UTF-8"?>
<!-- Generated by org.testng.reporters.JUnitReportReporter -->
<testsuite skipped="1" hostname="DESKTOP-MBQS6GU" name="TestNGPackage.Exampleparam3" tests="3" failures="0" timestamp="2022-04-28T19:05:29 IST" time="0.030" errors="0">
  <testcase name="param1" time="0.024" classname="TestNGPackage.Exampleparam3"/>
  <system-out/>
  <testcase name="param3" time="0.006" classname="TestNGPackage.Exampleparam3"/>
  <system-out/>
  <testcase name="param2" classname="TestNGPackage.Exampleparam3">
    <skipped/>
  </testcase> <!-- param2 -->
  <system-out/>
</testsuite> <!-- TestNGPackage.Exampleparam3 -->
