<?xml version="1.0" encoding="UTF-8"?>
<!-- Generated by org.testng.reporters.JUnitReportReporter -->
<testsuite skipped="0" hostname="DESKTOP-MBQS6GU" name="TestNGPackage.Exampleparam1" tests="1" failures="0" timestamp="2022-04-28T18:55:56 IST" time="0.018" errors="0">
  <testcase name="login" time="0.018" classname="TestNGPackage.Exampleparam1"/>
  <system-out/>
</testsuite> <!-- TestNGPackage.Exampleparam1 -->
