<?xml version="1.0" encoding="UTF-8"?>
<!-- Generated by org.testng.reporters.JUnitReportReporter -->
<testsuite skipped="0" hostname="DESKTOP-MBQS6GU" name="TestNGPackage.NewTest3" tests="2" failures="0" timestamp="2022-04-28T18:45:44 IST" time="0.025" errors="0">
  <testcase name="testCase7" time="0.021" classname="TestNGPackage.NewTest3"/>
  <system-out/>
  <testcase name="testCase8" time="0.004" classname="TestNGPackage.NewTest3"/>
  <system-out/>
</testsuite> <!-- TestNGPackage.NewTest3 -->
