<?xml version="1.0" encoding="UTF-8"?>
<!-- Generated by org.testng.reporters.JUnitReportReporter -->
<testsuite skipped="0" hostname="DESKTOP-MBQS6GU" name="TestNGPackage.Exampleparam5" tests="10" failures="0" timestamp="2022-04-28T19:09:05 IST" time="0.051" errors="0">
  <testcase name="param1" time="0.004" classname="TestNGPackage.Exampleparam5"/>
  <system-out/>
  <testcase name="param1" time="0.005" classname="TestNGPackage.Exampleparam5"/>
  <system-out/>
  <testcase name="param1" time="0.018" classname="TestNGPackage.Exampleparam5"/>
  <system-out/>
  <testcase name="param1" time="0.003" classname="TestNGPackage.Exampleparam5"/>
  <system-out/>
  <testcase name="param1" time="0.004" classname="TestNGPackage.Exampleparam5"/>
  <system-out/>
  <testcase name="param1" time="0.005" classname="TestNGPackage.Exampleparam5"/>
  <system-out/>
  <testcase name="param1" time="0.003" classname="TestNGPackage.Exampleparam5"/>
  <system-out/>
  <testcase name="param1" time="0.003" classname="TestNGPackage.Exampleparam5"/>
  <system-out/>
  <testcase name="param1" time="0.003" classname="TestNGPackage.Exampleparam5"/>
  <system-out/>
  <testcase name="param1" time="0.003" classname="TestNGPackage.Exampleparam5"/>
  <system-out/>
</testsuite> <!-- TestNGPackage.Exampleparam5 -->
