<?xml version="1.0" encoding="UTF-8"?>
<!-- Generated by org.testng.reporters.JUnitReportReporter -->
<testsuite skipped="0" hostname="DESKTOP-MBQS6GU" name="TestNGPackage.Exampleparam6" tests="2" failures="0" timestamp="2022-04-28T19:11:46 IST" time="0.023" errors="0">
  <testcase name="verifyLogin" time="0.017" classname="TestNGPackage.Exampleparam6"/>
  <system-out/>
  <testcase name="createTask" time="0.006" classname="TestNGPackage.Exampleparam6"/>
  <system-out/>
</testsuite> <!-- TestNGPackage.Exampleparam6 -->
