<?xml version="1.0" encoding="UTF-8"?>
<!-- Generated by org.testng.reporters.JUnitReportReporter -->
<testsuite skipped="0" hostname="DESKTOP-MBQS6GU" name="TestNGPackage.Exampleparam4" tests="3" failures="0" timestamp="2022-04-28T19:07:47 IST" time="0.025" errors="0">
  <testcase name="login" time="0.019" classname="TestNGPackage.Exampleparam4"/>
  <system-out/>
  <testcase name="sendEmail" time="0.004" classname="TestNGPackage.Exampleparam4"/>
  <system-out/>
  <testcase name="logout" time="0.002" classname="TestNGPackage.Exampleparam4"/>
  <system-out/>
</testsuite> <!-- TestNGPackage.Exampleparam4 -->
