<?xml version="1.0" encoding="UTF-8"?>
<!-- Generated by org.testng.reporters.JUnitReportReporter -->
<testsuite hostname="DESKTOP-LLLGMOJ" name="ddt.ExcelReading" tests="1" failures="0" timestamp="6 May 2022 03:23:53 GMT" time="0.694" errors="0">
  <testcase name="updateExcel" time="0.694" classname="ddt.ExcelReading"/>
</testsuite> <!-- ddt.ExcelReading -->
