<?xml version="1.0" encoding="UTF-8"?>
<!-- Generated by org.testng.reporters.JUnitReportReporter -->
<testsuite hostname="DESKTOP-LLLGMOJ" name="ddt.ExcelUpdate" tests="1" failures="0" timestamp="6 May 2022 03:13:50 GMT" time="11.745" errors="0">
  <testcase name="loginIntoActitme" time="11.745" classname="ddt.ExcelUpdate"/>
</testsuite> <!-- ddt.ExcelUpdate -->
